<?xml version="1.0" encoding="UTF-8"?>
<!-- Generated by org.testng.reporters.JUnitReportReporter -->
<testsuite skipped="0" hostname="DESKTOP-U7QIFE3" name="TC001_GET_Request" tests="1" failures="0" timestamp="18 Jan 2020 11:23:37 GMT" time="1.493" errors="0">
  <testcase name="getweatherDetails" time="1.493" classname="TC001_GET_Request"/>
</testsuite> <!-- TC001_GET_Request -->
