<?xml version="1.0" encoding="UTF-8"?>
<!-- Generated by org.testng.reporters.JUnitReportReporter -->
<testsuite skipped="0" hostname="DESKTOP-U7QIFE3" name="UpdateRequest" tests="1" failures="0" timestamp="19 Jan 2020 13:20:22 GMT" time="2.034" errors="0">
  <testcase name="putDetails" time="2.034" classname="UpdateRequest"/>
</testsuite> <!-- UpdateRequest -->
