<?xml version="1.0" encoding="UTF-8"?>
<!-- Generated by org.testng.reporters.JUnitReportReporter -->
<testsuite skipped="0" hostname="DESKTOP-U7QIFE3" name="DeleteRequest" tests="2" failures="0" timestamp="19 Jan 2020 13:22:56 GMT" time="2.471" errors="0">
  <testcase name="deleteAnything" time="0.309" classname="DeleteRequest"/>
  <testcase name="delete" time="2.162" classname="DeleteRequest"/>
</testsuite> <!-- DeleteRequest -->
