<?xml version="1.0" encoding="UTF-8"?>
<!-- Generated by org.testng.reporters.JUnitReportReporter -->
<testsuite skipped="0" hostname="DESKTOP-U7QIFE3" name="operations.GetRequest" tests="7" failures="0" timestamp="19 Jan 2020 16:12:01 GMT" time="2.184" errors="0">
  <testcase name="getEncoding" time="0.250" classname="operations.GetRequest"/>
  <testcase name="getIp" time="0.306" classname="operations.GetRequest"/>
  <testcase name="getStatusCode" time="0.239" classname="operations.GetRequest"/>
  <testcase name="getDecodedValue" time="0.282" classname="operations.GetRequest"/>
  <testcase name="getDetails" time="0.304" classname="operations.GetRequest"/>
  <testcase name="basicAuthenticate" time="0.464" classname="operations.GetRequest"/>
  <testcase name="getImage" time="0.339" classname="operations.GetRequest"/>
</testsuite> <!-- operations.GetRequest -->
