<?xml version="1.0" encoding="UTF-8"?>
<!-- Generated by org.testng.reporters.JUnitReportReporter -->
<testsuite skipped="0" hostname="DESKTOP-U7QIFE3" name="getRequest" tests="1" failures="0" timestamp="18 Jan 2020 19:05:18 GMT" time="2.024" errors="0">
  <testcase name="basicAuthenticate" time="2.024" classname="getRequest"/>
</testsuite> <!-- getRequest -->
