<?xml version="1.0" encoding="UTF-8"?>
<!-- Generated by org.testng.reporters.JUnitReportReporter -->
<testsuite skipped="0" hostname="DESKTOP-U7QIFE3" name="operations.DeleteRequest" tests="2" failures="0" timestamp="19 Jan 2020 16:12:01 GMT" time="7.217" errors="0">
  <testcase name="deleteAnything" time="0.372" classname="operations.DeleteRequest"/>
  <testcase name="delete" time="6.845" classname="operations.DeleteRequest"/>
</testsuite> <!-- operations.DeleteRequest -->
