<?xml version="1.0" encoding="UTF-8"?>
<!-- Generated by org.testng.reporters.JUnitReportReporter -->
<testsuite skipped="0" hostname="DESKTOP-U7QIFE3" name="operations.UpdateRequest" tests="1" failures="0" timestamp="19 Jan 2020 16:12:01 GMT" time="0.374" errors="0">
  <testcase name="putDetails" time="0.374" classname="operations.UpdateRequest"/>
</testsuite> <!-- operations.UpdateRequest -->
