<?xml version="1.0" encoding="UTF-8"?>
<!-- Generated by org.testng.reporters.JUnitReportReporter -->
<testsuite skipped="0" hostname="DESKTOP-U7QIFE3" name="operations.PostRequest" tests="2" failures="0" timestamp="19 Jan 2020 16:12:01 GMT" time="0.743" errors="0">
  <testcase name="postData" time="0.497" classname="operations.PostRequest"/>
  <testcase name="postStatus" time="0.246" classname="operations.PostRequest"/>
</testsuite> <!-- operations.PostRequest -->
